2022-04-27 03:03:12 [INFO] [Multiverse-Core] - Version 2.4-b527 (API v14) Enabled - By Rigby, fernferret, lithium3141 and main--
2022-04-27 03:03:13 [INFO] [Multiverse-Core] Loading World & Settings - 'world' - Env: NORMAL - Type: NORMAL & seed: 2986265485940795039
2022-04-27 03:03:13 [INFO] [Multiverse-Core] Loading World & Settings - 'world_nether' - Env: NETHER - Type: NORMAL & seed: 2986265485940795039
2022-04-27 03:03:13 [INFO] [Multiverse-Core] Loading World & Settings - 'world_the_end' - Env: THE_END - Type: NORMAL & seed: 2986265485940795039
2022-04-27 03:03:14 [INFO] [Multiverse-Core] Loading World & Settings - 'world' - Env: NORMAL - Type: NORMAL & seed: 2986265485940795039
2022-04-27 03:03:14 [INFO] [Multiverse-Core] Loading World & Settings - 'world_nether' - Env: NETHER - Type: NORMAL & seed: 2986265485940795039
2022-04-27 03:03:14 [INFO] [Multiverse-Core] Loading World & Settings - 'world_the_end' - Env: THE_END - Type: NORMAL & seed: 2986265485940795039
2022-04-27 03:03:14 [INFO] [Multiverse-Core] 3 - World(s) loaded.
2022-04-27 03:04:28 [INFO] [Multiverse-Core] - Version 2.4-b527 (API v14) Enabled - By Rigby, fernferret, lithium3141 and main--
2022-04-27 03:04:29 [INFO] [Multiverse-Core] Loading World & Settings - 'world' - Env: NORMAL - Type: NORMAL & seed: 2986265485940795039
2022-04-27 03:04:29 [INFO] [Multiverse-Core] Loading World & Settings - 'world_nether' - Env: NETHER - Type: NORMAL & seed: 2986265485940795039
2022-04-27 03:04:29 [INFO] [Multiverse-Core] Loading World & Settings - 'world_the_end' - Env: THE_END - Type: NORMAL & seed: 2986265485940795039
2022-04-27 03:04:29 [INFO] [Multiverse-Core] 3 - World(s) loaded.
2022-04-27 03:11:41 [INFO] [Multiverse-Core] - Version 2.4-b527 (API v14) Enabled - By Rigby, fernferret, lithium3141 and main--
2022-04-27 03:11:42 [INFO] [Multiverse-Core] Loading World & Settings - 'world' - Env: NORMAL - Type: NORMAL & seed: 2986265485940795039
2022-04-27 03:11:42 [INFO] [Multiverse-Core] Loading World & Settings - 'world_nether' - Env: NETHER - Type: NORMAL & seed: 2986265485940795039
2022-04-27 03:11:42 [INFO] [Multiverse-Core] Loading World & Settings - 'world_the_end' - Env: THE_END - Type: NORMAL & seed: 2986265485940795039
2022-04-27 03:11:42 [INFO] [Multiverse-Core] 3 - World(s) loaded.
2022-04-27 03:13:19 [INFO] [Multiverse-Core] Loading World & Settings - 'flat1' - Env: NORMAL - Type: null
2022-04-27 03:15:39 [INFO] [Multiverse-Core] Loading World & Settings - 'private_galaxy' - Env: NORMAL - Type: FLAT
2022-04-27 03:19:35 [INFO] [Multiverse-Core] - Version 2.4-b527 (API v14) Enabled - By Rigby, fernferret, lithium3141 and main--
2022-04-27 03:19:36 [INFO] [Multiverse-Core] Loading World & Settings - 'world' - Env: NORMAL - Type: NORMAL & seed: 2986265485940795039
2022-04-27 03:19:36 [INFO] [Multiverse-Core] Loading World & Settings - 'world_nether' - Env: NETHER - Type: NORMAL & seed: 2986265485940795039
2022-04-27 03:19:36 [INFO] [Multiverse-Core] Loading World & Settings - 'world_the_end' - Env: THE_END - Type: NORMAL & seed: 2986265485940795039
2022-04-27 03:19:36 [INFO] [Multiverse-Core] Loading World & Settings - 'flat1' - Env: NORMAL - Type: FLAT & seed: 4873681916340953901
2022-04-27 03:19:38 [INFO] [Multiverse-Core] 4 - World(s) loaded.
2022-04-27 03:21:09 [INFO] [Multiverse-Core] - Version 2.4-b527 (API v14) Enabled - By Rigby, fernferret, lithium3141 and main--
2022-04-27 03:21:10 [INFO] [Multiverse-Core] Loading World & Settings - 'world' - Env: NORMAL - Type: NORMAL & seed: 2986265485940795039
2022-04-27 03:21:10 [INFO] [Multiverse-Core] Loading World & Settings - 'world_nether' - Env: NETHER - Type: NORMAL & seed: 2986265485940795039
2022-04-27 03:21:10 [INFO] [Multiverse-Core] Loading World & Settings - 'world_the_end' - Env: THE_END - Type: NORMAL & seed: 2986265485940795039
2022-04-27 03:21:10 [INFO] [Multiverse-Core] Loading World & Settings - 'flat1' - Env: NORMAL - Type: FLAT & seed: 4873681916340953901
2022-04-27 03:21:15 [INFO] [Multiverse-Core] 4 - World(s) loaded.
2022-04-27 03:24:24 [INFO] [Multiverse-Core] - Version 2.4-b527 (API v14) Enabled - By Rigby, fernferret, lithium3141 and main--
2022-04-27 03:24:25 [INFO] [Multiverse-Core] Loading World & Settings - 'world' - Env: NORMAL - Type: NORMAL & seed: 2986265485940795039
2022-04-27 03:24:25 [INFO] [Multiverse-Core] Loading World & Settings - 'world_nether' - Env: NETHER - Type: NORMAL & seed: 2986265485940795039
2022-04-27 03:24:25 [INFO] [Multiverse-Core] Loading World & Settings - 'world_the_end' - Env: THE_END - Type: NORMAL & seed: 2986265485940795039
2022-04-27 03:24:25 [INFO] [Multiverse-Core] Loading World & Settings - 'flat1' - Env: NORMAL - Type: FLAT & seed: 4873681916340953901
2022-04-27 03:24:30 [INFO] [Multiverse-Core] 4 - World(s) loaded.
2022-04-27 03:36:31 [INFO] [Multiverse-Core] - Version 2.4-b527 (API v14) Enabled - By Rigby, fernferret, lithium3141 and main--
2022-04-27 03:36:32 [INFO] [Multiverse-Core] Loading World & Settings - 'world' - Env: NORMAL - Type: NORMAL & seed: 2986265485940795039
2022-04-27 03:36:32 [INFO] [Multiverse-Core] Loading World & Settings - 'world_nether' - Env: NETHER - Type: NORMAL & seed: 2986265485940795039
2022-04-27 03:36:32 [INFO] [Multiverse-Core] Loading World & Settings - 'world_the_end' - Env: THE_END - Type: NORMAL & seed: 2986265485940795039
2022-04-27 03:36:32 [INFO] [Multiverse-Core] Loading World & Settings - 'flat1' - Env: NORMAL - Type: FLAT & seed: 4873681916340953901
2022-04-27 03:36:38 [INFO] [Multiverse-Core] 4 - World(s) loaded.
2022-04-27 03:45:19 [INFO] [Multiverse-Core] - Version 2.4-b527 (API v14) Enabled - By Rigby, fernferret, lithium3141 and main--
2022-04-27 03:45:19 [INFO] [Multiverse-Core] Loading World & Settings - 'world' - Env: NORMAL - Type: NORMAL & seed: 2986265485940795039
2022-04-27 03:45:20 [INFO] [Multiverse-Core] Loading World & Settings - 'world_nether' - Env: NETHER - Type: NORMAL & seed: 2986265485940795039
2022-04-27 03:45:20 [INFO] [Multiverse-Core] Loading World & Settings - 'world_the_end' - Env: THE_END - Type: NORMAL & seed: 2986265485940795039
2022-04-27 03:45:20 [INFO] [Multiverse-Core] Loading World & Settings - 'flat1' - Env: NORMAL - Type: FLAT & seed: 4873681916340953901
2022-04-27 03:45:25 [INFO] [Multiverse-Core] 4 - World(s) loaded.
2022-04-27 04:16:17 [INFO] [Multiverse-Core] - Version 2.4-b527 (API v14) Enabled - By Rigby, fernferret, lithium3141 and main--
2022-04-27 04:16:18 [INFO] [Multiverse-Core] Loading World & Settings - 'world' - Env: NORMAL - Type: NORMAL & seed: 2986265485940795039
2022-04-27 04:16:18 [INFO] [Multiverse-Core] Loading World & Settings - 'world_nether' - Env: NETHER - Type: NORMAL & seed: 2986265485940795039
2022-04-27 04:16:18 [INFO] [Multiverse-Core] Loading World & Settings - 'world_the_end' - Env: THE_END - Type: NORMAL & seed: 2986265485940795039
2022-04-27 04:16:18 [INFO] [Multiverse-Core] Loading World & Settings - 'flat1' - Env: NORMAL - Type: FLAT & seed: 4873681916340953901
2022-04-27 04:16:24 [INFO] [Multiverse-Core] 4 - World(s) loaded.
2022-04-27 09:42:14 [INFO] [Multiverse-Core] - Version 2.4-b527 (API v14) Enabled - By Rigby, fernferret, lithium3141 and main--
2022-04-27 09:42:15 [INFO] [Multiverse-Core] Loading World & Settings - 'world' - Env: NORMAL - Type: NORMAL & seed: 2986265485940795039
2022-04-27 09:42:15 [INFO] [Multiverse-Core] Loading World & Settings - 'world_nether' - Env: NETHER - Type: NORMAL & seed: 2986265485940795039
2022-04-27 09:42:15 [INFO] [Multiverse-Core] Loading World & Settings - 'world_the_end' - Env: THE_END - Type: NORMAL & seed: 2986265485940795039
2022-04-27 09:42:15 [INFO] [Multiverse-Core] Loading World & Settings - 'flat1' - Env: NORMAL - Type: FLAT & seed: 4873681916340953901
2022-04-27 09:42:20 [INFO] [Multiverse-Core] 4 - World(s) loaded.
2022-04-27 09:52:58 [INFO] [Multiverse-Core] - Version 2.4-b527 (API v14) Enabled - By Rigby, fernferret, lithium3141 and main--
2022-04-27 09:52:58 [INFO] [Multiverse-Core] Loading World & Settings - 'world' - Env: NORMAL - Type: NORMAL & seed: 2986265485940795039
2022-04-27 09:52:59 [INFO] [Multiverse-Core] Loading World & Settings - 'world_nether' - Env: NETHER - Type: NORMAL & seed: 2986265485940795039
2022-04-27 09:52:59 [INFO] [Multiverse-Core] Loading World & Settings - 'world_the_end' - Env: THE_END - Type: NORMAL & seed: 2986265485940795039
2022-04-27 09:52:59 [INFO] [Multiverse-Core] Loading World & Settings - 'flat1' - Env: NORMAL - Type: FLAT & seed: 4873681916340953901
2022-04-27 09:53:04 [INFO] [Multiverse-Core] 4 - World(s) loaded.
2022-04-27 16:24:23 [INFO] [Multiverse-Core] - Version 2.4-b527 (API v14) Enabled - By Rigby, fernferret, lithium3141 and main--
2022-04-27 16:24:23 [INFO] [Multiverse-Core] Loading World & Settings - 'world' - Env: NORMAL - Type: NORMAL & seed: 2986265485940795039
2022-04-27 16:24:23 [INFO] [Multiverse-Core] Loading World & Settings - 'world_nether' - Env: NETHER - Type: NORMAL & seed: 2986265485940795039
2022-04-27 16:24:23 [INFO] [Multiverse-Core] Loading World & Settings - 'world_the_end' - Env: THE_END - Type: NORMAL & seed: 2986265485940795039
2022-04-27 16:24:23 [INFO] [Multiverse-Core] Loading World & Settings - 'flat1' - Env: NORMAL - Type: FLAT & seed: 4873681916340953901
2022-04-27 16:24:28 [INFO] [Multiverse-Core] 4 - World(s) loaded.
2022-04-27 17:40:03 [INFO] [Multiverse-Core] - Version 2.4-b527 (API v14) Enabled - By Rigby, fernferret, lithium3141 and main--
2022-04-27 17:40:03 [INFO] [Multiverse-Core] Loading World & Settings - 'world' - Env: NORMAL - Type: NORMAL & seed: 2986265485940795039
2022-04-27 17:40:04 [INFO] [Multiverse-Core] Loading World & Settings - 'world_nether' - Env: NETHER - Type: NORMAL & seed: 2986265485940795039
2022-04-27 17:40:04 [INFO] [Multiverse-Core] Loading World & Settings - 'world_the_end' - Env: THE_END - Type: NORMAL & seed: 2986265485940795039
2022-04-27 17:40:04 [INFO] [Multiverse-Core] Loading World & Settings - 'flat1' - Env: NORMAL - Type: FLAT & seed: 4873681916340953901
2022-04-27 17:40:08 [INFO] [Multiverse-Core] 4 - World(s) loaded.
2022-04-27 19:21:16 [INFO] [Multiverse-Core] - Version 2.4-b527 (API v14) Enabled - By Rigby, fernferret, lithium3141 and main--
2022-04-27 19:21:17 [INFO] [Multiverse-Core] Loading World & Settings - 'world' - Env: NORMAL - Type: NORMAL & seed: 2986265485940795039
2022-04-27 19:21:18 [INFO] [Multiverse-Core] Loading World & Settings - 'world_nether' - Env: NETHER - Type: NORMAL & seed: 2986265485940795039
2022-04-27 19:21:18 [INFO] [Multiverse-Core] Loading World & Settings - 'world_the_end' - Env: THE_END - Type: NORMAL & seed: 2986265485940795039
2022-04-27 19:21:18 [INFO] [Multiverse-Core] Loading World & Settings - 'flat1' - Env: NORMAL - Type: FLAT & seed: 4873681916340953901
2022-04-27 19:21:22 [INFO] [Multiverse-Core] 4 - World(s) loaded.
2022-04-27 19:22:39 [INFO] [Multiverse-Core] - Version 2.4-b527 (API v14) Enabled - By Rigby, fernferret, lithium3141 and main--
2022-04-27 19:22:39 [INFO] [Multiverse-Core] Loading World & Settings - 'world' - Env: NORMAL - Type: NORMAL & seed: 2986265485940795039
2022-04-27 19:22:40 [INFO] [Multiverse-Core] Loading World & Settings - 'world_nether' - Env: NETHER - Type: NORMAL & seed: 2986265485940795039
2022-04-27 19:22:40 [INFO] [Multiverse-Core] Loading World & Settings - 'world_the_end' - Env: THE_END - Type: NORMAL & seed: 2986265485940795039
2022-04-27 19:22:40 [INFO] [Multiverse-Core] Loading World & Settings - 'flat1' - Env: NORMAL - Type: FLAT & seed: 4873681916340953901
2022-04-27 19:22:44 [INFO] [Multiverse-Core] 4 - World(s) loaded.
2022-04-27 19:26:30 [INFO] [Multiverse-Core] - Version 2.4-b527 (API v14) Enabled - By Rigby, fernferret, lithium3141 and main--
2022-04-27 19:26:31 [INFO] [Multiverse-Core] Loading World & Settings - 'world' - Env: NORMAL - Type: NORMAL & seed: 2986265485940795039
2022-04-27 19:26:31 [INFO] [Multiverse-Core] Loading World & Settings - 'world_nether' - Env: NETHER - Type: NORMAL & seed: 2986265485940795039
2022-04-27 19:26:31 [INFO] [Multiverse-Core] Loading World & Settings - 'world_the_end' - Env: THE_END - Type: NORMAL & seed: 2986265485940795039
2022-04-27 19:26:31 [INFO] [Multiverse-Core] Loading World & Settings - 'flat1' - Env: NORMAL - Type: FLAT & seed: 4873681916340953901
2022-04-27 19:26:36 [INFO] [Multiverse-Core] 4 - World(s) loaded.
2022-04-27 19:41:59 [INFO] [Multiverse-Core] - Version 2.4-b527 (API v14) Enabled - By Rigby, fernferret, lithium3141 and main--
2022-04-27 19:42:00 [INFO] [Multiverse-Core] Loading World & Settings - 'world' - Env: NORMAL - Type: NORMAL & seed: 2986265485940795039
2022-04-27 19:42:00 [INFO] [Multiverse-Core] Loading World & Settings - 'world_nether' - Env: NETHER - Type: NORMAL & seed: 2986265485940795039
2022-04-27 19:42:00 [INFO] [Multiverse-Core] Loading World & Settings - 'world_the_end' - Env: THE_END - Type: NORMAL & seed: 2986265485940795039
2022-04-27 19:42:00 [INFO] [Multiverse-Core] Loading World & Settings - 'flat1' - Env: NORMAL - Type: FLAT & seed: 4873681916340953901
2022-04-27 19:42:06 [INFO] [Multiverse-Core] 4 - World(s) loaded.
2022-04-27 20:09:28 [INFO] [Multiverse-Core] - Version 2.4-b527 (API v14) Enabled - By Rigby, fernferret, lithium3141 and main--
2022-04-27 20:09:29 [INFO] [Multiverse-Core] Loading World & Settings - 'world' - Env: NORMAL - Type: NORMAL & seed: 2986265485940795039
2022-04-27 20:09:30 [INFO] [Multiverse-Core] Loading World & Settings - 'world_nether' - Env: NETHER - Type: NORMAL & seed: 2986265485940795039
2022-04-27 20:09:30 [INFO] [Multiverse-Core] Loading World & Settings - 'world_the_end' - Env: THE_END - Type: NORMAL & seed: 2986265485940795039
2022-04-27 20:09:30 [INFO] [Multiverse-Core] Loading World & Settings - 'flat1' - Env: NORMAL - Type: FLAT & seed: 4873681916340953901
2022-04-27 20:09:35 [INFO] [Multiverse-Core] 4 - World(s) loaded.
2022-04-28 04:27:27 [INFO] [Multiverse-Core] - Version 2.4-b527 (API v14) Enabled - By Rigby, fernferret, lithium3141 and main--
2022-04-28 04:27:28 [INFO] [Multiverse-Core] Loading World & Settings - 'world' - Env: NORMAL - Type: NORMAL & seed: 2986265485940795039
2022-04-28 04:27:28 [INFO] [Multiverse-Core] Loading World & Settings - 'world_nether' - Env: NETHER - Type: NORMAL & seed: 2986265485940795039
2022-04-28 04:27:28 [INFO] [Multiverse-Core] Loading World & Settings - 'world_the_end' - Env: THE_END - Type: NORMAL & seed: 2986265485940795039
2022-04-28 04:27:28 [INFO] [Multiverse-Core] Loading World & Settings - 'flat1' - Env: NORMAL - Type: FLAT & seed: 4873681916340953901
2022-04-28 04:27:32 [INFO] [Multiverse-Core] 4 - World(s) loaded.
2022-04-28 10:04:43 [INFO] [Multiverse-Core] - Version 2.4-b527 (API v14) Enabled - By Rigby, fernferret, lithium3141 and main--
2022-04-28 10:04:44 [INFO] [Multiverse-Core] Loading World & Settings - 'world' - Env: NORMAL - Type: NORMAL & seed: 2986265485940795039
2022-04-28 10:04:44 [INFO] [Multiverse-Core] Loading World & Settings - 'world_nether' - Env: NETHER - Type: NORMAL & seed: 2986265485940795039
2022-04-28 10:04:44 [INFO] [Multiverse-Core] Loading World & Settings - 'world_the_end' - Env: THE_END - Type: NORMAL & seed: 2986265485940795039
2022-04-28 10:04:44 [INFO] [Multiverse-Core] Loading World & Settings - 'flat1' - Env: NORMAL - Type: FLAT & seed: 4873681916340953901
2022-04-28 10:04:49 [INFO] [Multiverse-Core] 4 - World(s) loaded.
2022-04-28 10:55:41 [INFO] [Multiverse-Core] Loading World & Settings - 'zonyx_land' - Env: NORMAL - Type: NORMAL
2022-04-28 10:57:10 [WARNING] [Multiverse-Core] Spawn location from world.dat file was unsafe. Adjusting...
2022-04-28 10:57:10 [WARNING] [Multiverse-Core] Original Location: X: 148 Y: 64 Z: 244 P: 0 Y: 0 
2022-04-28 10:57:10 [INFO] [Multiverse-Core] New Spawn for 'zonyx_land' is Located at: zonyx_land:151.50,70.00,242.50:0.00:0.00
2022-04-28 11:03:39 [INFO] [Multiverse-Core] - Version 2.4-b527 (API v14) Enabled - By Rigby, fernferret, lithium3141 and main--
2022-04-28 11:03:41 [INFO] [Multiverse-Core] Loading World & Settings - 'world' - Env: NORMAL - Type: NORMAL & seed: 2986265485940795039
2022-04-28 11:03:42 [INFO] [Multiverse-Core] Loading World & Settings - 'world_nether' - Env: NETHER - Type: NORMAL & seed: 2986265485940795039
2022-04-28 11:03:42 [INFO] [Multiverse-Core] Loading World & Settings - 'world_the_end' - Env: THE_END - Type: NORMAL & seed: 2986265485940795039
2022-04-28 11:03:42 [INFO] [Multiverse-Core] Loading World & Settings - 'flat1' - Env: NORMAL - Type: FLAT & seed: 4873681916340953901
2022-04-28 11:03:55 [INFO] [Multiverse-Core] Loading World & Settings - 'zonyx_land' - Env: NORMAL - Type: NORMAL & seed: 1701979298559925541
2022-04-28 11:07:55 [INFO] [Multiverse-Core] - Version 2.4-b527 (API v14) Enabled - By Rigby, fernferret, lithium3141 and main--
2022-04-28 11:07:56 [INFO] [Multiverse-Core] Loading World & Settings - 'world' - Env: NORMAL - Type: NORMAL & seed: 2986265485940795039
2022-04-28 11:07:57 [INFO] [Multiverse-Core] Loading World & Settings - 'world_nether' - Env: NETHER - Type: NORMAL & seed: 2986265485940795039
2022-04-28 11:07:57 [INFO] [Multiverse-Core] Loading World & Settings - 'world_the_end' - Env: THE_END - Type: NORMAL & seed: 2986265485940795039
2022-04-28 11:07:57 [INFO] [Multiverse-Core] Loading World & Settings - 'flat1' - Env: NORMAL - Type: FLAT & seed: 4873681916340953901
2022-04-28 11:08:08 [INFO] [Multiverse-Core] Loading World & Settings - 'zonyx_land' - Env: NORMAL - Type: NORMAL & seed: 1701979298559925541
2022-04-28 11:11:09 [INFO] [Multiverse-Core] - Version 2.4-b527 (API v14) Enabled - By Rigby, fernferret, lithium3141 and main--
2022-04-28 11:11:11 [INFO] [Multiverse-Core] Loading World & Settings - 'world' - Env: NORMAL - Type: NORMAL & seed: 2986265485940795039
2022-04-28 11:11:12 [INFO] [Multiverse-Core] Loading World & Settings - 'world_nether' - Env: NETHER - Type: NORMAL & seed: 2986265485940795039
2022-04-28 11:11:12 [INFO] [Multiverse-Core] Loading World & Settings - 'world_the_end' - Env: THE_END - Type: NORMAL & seed: 2986265485940795039
2022-04-28 11:11:12 [INFO] [Multiverse-Core] Loading World & Settings - 'flat1' - Env: NORMAL - Type: FLAT & seed: 4873681916340953901
2022-04-28 11:11:20 [INFO] [Multiverse-Core] Loading World & Settings - 'zonyx_land' - Env: NORMAL - Type: NORMAL & seed: 1701979298559925541
2022-04-28 11:14:38 [INFO] [Multiverse-Core] - Version 2.4-b527 (API v14) Enabled - By Rigby, fernferret, lithium3141 and main--
2022-04-28 11:14:39 [INFO] [Multiverse-Core] Loading World & Settings - 'world' - Env: NORMAL - Type: NORMAL & seed: 2986265485940795039
2022-04-28 11:14:40 [INFO] [Multiverse-Core] Loading World & Settings - 'world_nether' - Env: NETHER - Type: NORMAL & seed: 2986265485940795039
2022-04-28 11:14:40 [INFO] [Multiverse-Core] Loading World & Settings - 'world_the_end' - Env: THE_END - Type: NORMAL & seed: 2986265485940795039
2022-04-28 11:14:40 [INFO] [Multiverse-Core] Loading World & Settings - 'flat1' - Env: NORMAL - Type: FLAT & seed: 4873681916340953901
2022-04-28 11:14:47 [INFO] [Multiverse-Core] 4 - World(s) loaded.
2022-04-28 20:02:43 [INFO] [Multiverse-Core] - Version 2.4-b527 (API v14) Enabled - By Rigby, fernferret, lithium3141 and main--
2022-04-28 20:02:45 [INFO] [Multiverse-Core] Loading World & Settings - 'world' - Env: NORMAL - Type: NORMAL & seed: 2986265485940795039
2022-04-28 20:02:46 [INFO] [Multiverse-Core] Loading World & Settings - 'world_nether' - Env: NETHER - Type: NORMAL & seed: 2986265485940795039
2022-04-28 20:02:46 [INFO] [Multiverse-Core] Loading World & Settings - 'world_the_end' - Env: THE_END - Type: NORMAL & seed: 2986265485940795039
2022-04-28 20:02:46 [INFO] [Multiverse-Core] Loading World & Settings - 'flat1' - Env: NORMAL - Type: FLAT & seed: 4873681916340953901
2022-04-28 20:02:53 [INFO] [Multiverse-Core] 4 - World(s) loaded.
2022-04-28 22:37:11 [INFO] [Multiverse-Core] - Version 2.4-b527 (API v14) Enabled - By Rigby, fernferret, lithium3141 and main--
2022-04-28 22:37:12 [INFO] [Multiverse-Core] Loading World & Settings - 'world' - Env: NORMAL - Type: NORMAL & seed: 2986265485940795039
2022-04-28 22:37:13 [INFO] [Multiverse-Core] Loading World & Settings - 'world_nether' - Env: NETHER - Type: NORMAL & seed: 2986265485940795039
2022-04-28 22:37:13 [INFO] [Multiverse-Core] Loading World & Settings - 'world_the_end' - Env: THE_END - Type: NORMAL & seed: 2986265485940795039
2022-04-28 22:37:13 [INFO] [Multiverse-Core] Loading World & Settings - 'flat1' - Env: NORMAL - Type: FLAT & seed: 4873681916340953901
2022-04-28 22:37:28 [INFO] [Multiverse-Core] 4 - World(s) loaded.
2022-04-28 22:39:43 [INFO] [Multiverse-Core] - Version 2.4-b527 (API v14) Enabled - By Rigby, fernferret, lithium3141 and main--
2022-04-28 22:39:43 [INFO] [Multiverse-Core] Loading World & Settings - 'world' - Env: NORMAL - Type: NORMAL & seed: 2986265485940795039
2022-04-28 22:39:44 [INFO] [Multiverse-Core] Loading World & Settings - 'world_nether' - Env: NETHER - Type: NORMAL & seed: 2986265485940795039
2022-04-28 22:39:44 [INFO] [Multiverse-Core] Loading World & Settings - 'world_the_end' - Env: THE_END - Type: NORMAL & seed: 2986265485940795039
2022-04-28 22:39:44 [INFO] [Multiverse-Core] Loading World & Settings - 'flat1' - Env: NORMAL - Type: FLAT & seed: 4873681916340953901
2022-04-28 22:39:49 [INFO] [Multiverse-Core] 4 - World(s) loaded.
2022-04-28 22:45:39 [INFO] [Multiverse-Core] - Version 2.4-b527 (API v14) Enabled - By Rigby, fernferret, lithium3141 and main--
2022-04-28 22:45:41 [INFO] [Multiverse-Core] Loading World & Settings - 'world' - Env: NORMAL - Type: NORMAL & seed: 2986265485940795039
2022-04-28 22:45:41 [INFO] [Multiverse-Core] Loading World & Settings - 'world_nether' - Env: NETHER - Type: NORMAL & seed: 2986265485940795039
2022-04-28 22:45:41 [INFO] [Multiverse-Core] Loading World & Settings - 'world_the_end' - Env: THE_END - Type: NORMAL & seed: 2986265485940795039
2022-04-28 22:45:41 [INFO] [Multiverse-Core] Loading World & Settings - 'flat1' - Env: NORMAL - Type: FLAT & seed: 4873681916340953901
2022-04-28 22:45:46 [INFO] [Multiverse-Core] 4 - World(s) loaded.
2022-04-28 22:50:08 [INFO] [Multiverse-Core] - Version 2.4-b527 (API v14) Enabled - By Rigby, fernferret, lithium3141 and main--
2022-04-28 22:50:09 [INFO] [Multiverse-Core] Loading World & Settings - 'world' - Env: NORMAL - Type: NORMAL & seed: 2986265485940795039
2022-04-28 22:50:10 [INFO] [Multiverse-Core] Loading World & Settings - 'world_nether' - Env: NETHER - Type: NORMAL & seed: 2986265485940795039
2022-04-28 22:50:10 [INFO] [Multiverse-Core] Loading World & Settings - 'world_the_end' - Env: THE_END - Type: NORMAL & seed: 2986265485940795039
2022-04-28 22:50:10 [INFO] [Multiverse-Core] Loading World & Settings - 'flat1' - Env: NORMAL - Type: FLAT & seed: 4873681916340953901
2022-04-28 22:50:15 [INFO] [Multiverse-Core] 4 - World(s) loaded.
2022-04-28 23:01:18 [INFO] [Multiverse-Core] - Version 2.4-b527 (API v14) Enabled - By Rigby, fernferret, lithium3141 and main--
2022-04-28 23:01:18 [INFO] [Multiverse-Core] Loading World & Settings - 'world' - Env: NORMAL - Type: NORMAL & seed: 2986265485940795039
2022-04-28 23:01:19 [INFO] [Multiverse-Core] Loading World & Settings - 'world_nether' - Env: NETHER - Type: NORMAL & seed: 2986265485940795039
2022-04-28 23:01:19 [INFO] [Multiverse-Core] Loading World & Settings - 'world_the_end' - Env: THE_END - Type: NORMAL & seed: 2986265485940795039
2022-04-28 23:01:19 [INFO] [Multiverse-Core] Loading World & Settings - 'flat1' - Env: NORMAL - Type: FLAT & seed: 4873681916340953901
2022-04-28 23:01:24 [INFO] [Multiverse-Core] 4 - World(s) loaded.
2022-04-28 23:02:49 [INFO] [Multiverse-Core] - Version 2.4-b527 (API v14) Enabled - By Rigby, fernferret, lithium3141 and main--
2022-04-28 23:02:50 [INFO] [Multiverse-Core] Loading World & Settings - 'world' - Env: NORMAL - Type: NORMAL & seed: 2986265485940795039
2022-04-28 23:02:50 [INFO] [Multiverse-Core] Loading World & Settings - 'world_nether' - Env: NETHER - Type: NORMAL & seed: 2986265485940795039
2022-04-28 23:02:50 [INFO] [Multiverse-Core] Loading World & Settings - 'world_the_end' - Env: THE_END - Type: NORMAL & seed: 2986265485940795039
2022-04-28 23:02:50 [INFO] [Multiverse-Core] Loading World & Settings - 'flat1' - Env: NORMAL - Type: FLAT & seed: 4873681916340953901
2022-04-28 23:02:55 [INFO] [Multiverse-Core] 4 - World(s) loaded.
2022-04-29 00:23:33 [INFO] [Multiverse-Core] - Version 2.4-b527 (API v14) Enabled - By Rigby, fernferret, lithium3141 and main--
2022-04-29 00:23:34 [INFO] [Multiverse-Core] Loading World & Settings - 'world' - Env: NORMAL - Type: NORMAL & seed: 2986265485940795039
2022-04-29 00:23:34 [INFO] [Multiverse-Core] Loading World & Settings - 'world_nether' - Env: NETHER - Type: NORMAL & seed: 2986265485940795039
2022-04-29 00:23:34 [INFO] [Multiverse-Core] Loading World & Settings - 'world_the_end' - Env: THE_END - Type: NORMAL & seed: 2986265485940795039
2022-04-29 00:23:34 [INFO] [Multiverse-Core] Loading World & Settings - 'flat1' - Env: NORMAL - Type: FLAT & seed: 4873681916340953901
2022-04-29 00:23:39 [INFO] [Multiverse-Core] 4 - World(s) loaded.
2022-04-29 19:43:57 [INFO] [Multiverse-Core] - Version 2.4-b527 (API v14) Enabled - By Rigby, fernferret, lithium3141 and main--
2022-04-29 19:43:58 [INFO] [Multiverse-Core] Loading World & Settings - 'world' - Env: NORMAL - Type: NORMAL & seed: 2986265485940795039
2022-04-29 19:43:58 [INFO] [Multiverse-Core] Loading World & Settings - 'world_nether' - Env: NETHER - Type: NORMAL & seed: 2986265485940795039
2022-04-29 19:43:58 [INFO] [Multiverse-Core] Loading World & Settings - 'world_the_end' - Env: THE_END - Type: NORMAL & seed: 2986265485940795039
2022-04-29 19:43:58 [INFO] [Multiverse-Core] Loading World & Settings - 'flat1' - Env: NORMAL - Type: FLAT & seed: 4873681916340953901
2022-04-29 19:44:03 [INFO] [Multiverse-Core] 4 - World(s) loaded.
2022-04-29 21:17:48 [INFO] [Multiverse-Core] - Version 2.4-b527 (API v14) Enabled - By Rigby, fernferret, lithium3141 and main--
2022-04-29 21:17:49 [INFO] [Multiverse-Core] Loading World & Settings - 'world' - Env: NORMAL - Type: NORMAL & seed: 2986265485940795039
2022-04-29 21:17:49 [INFO] [Multiverse-Core] Loading World & Settings - 'world_nether' - Env: NETHER - Type: NORMAL & seed: 2986265485940795039
2022-04-29 21:17:49 [INFO] [Multiverse-Core] Loading World & Settings - 'world_the_end' - Env: THE_END - Type: NORMAL & seed: 2986265485940795039
2022-04-29 21:17:49 [INFO] [Multiverse-Core] Loading World & Settings - 'flat1' - Env: NORMAL - Type: FLAT & seed: 4873681916340953901
2022-04-29 21:17:53 [INFO] [Multiverse-Core] 4 - World(s) loaded.
2022-04-30 04:02:33 [INFO] [Multiverse-Core] - Version 2.4-b527 (API v14) Enabled - By Rigby, fernferret, lithium3141 and main--
2022-04-30 04:02:34 [INFO] [Multiverse-Core] Loading World & Settings - 'world' - Env: NORMAL - Type: NORMAL & seed: 2986265485940795039
2022-04-30 04:02:35 [INFO] [Multiverse-Core] Loading World & Settings - 'world_nether' - Env: NETHER - Type: NORMAL & seed: 2986265485940795039
2022-04-30 04:02:35 [INFO] [Multiverse-Core] Loading World & Settings - 'world_the_end' - Env: THE_END - Type: NORMAL & seed: 2986265485940795039
2022-04-30 04:02:35 [INFO] [Multiverse-Core] Loading World & Settings - 'flat1' - Env: NORMAL - Type: FLAT & seed: 4873681916340953901
2022-05-01 00:55:02 [INFO] [Multiverse-Core] - Version 2.4-b527 (API v14) Enabled - By Rigby, fernferret, lithium3141 and main--
2022-05-01 00:55:02 [INFO] [Multiverse-Core] Loading World & Settings - 'world' - Env: NORMAL - Type: NORMAL & seed: 2986265485940795039
2022-05-01 00:55:03 [INFO] [Multiverse-Core] Loading World & Settings - 'world_nether' - Env: NETHER - Type: NORMAL & seed: 2986265485940795039
2022-05-01 00:55:03 [INFO] [Multiverse-Core] Loading World & Settings - 'world_the_end' - Env: THE_END - Type: NORMAL & seed: 2986265485940795039
2022-05-01 00:55:03 [INFO] [Multiverse-Core] Loading World & Settings - 'flat1' - Env: NORMAL - Type: FLAT & seed: 4873681916340953901
2022-05-01 00:55:07 [INFO] [Multiverse-Core] 4 - World(s) loaded.
2022-05-01 04:02:37 [INFO] [Multiverse-Core] - Version 2.4-b527 (API v14) Enabled - By Rigby, fernferret, lithium3141 and main--
2022-05-01 04:02:38 [INFO] [Multiverse-Core] Loading World & Settings - 'world' - Env: NORMAL - Type: NORMAL & seed: 2986265485940795039
2022-05-01 04:02:38 [INFO] [Multiverse-Core] Loading World & Settings - 'world_nether' - Env: NETHER - Type: NORMAL & seed: 2986265485940795039
2022-05-01 04:02:38 [INFO] [Multiverse-Core] Loading World & Settings - 'world_the_end' - Env: THE_END - Type: NORMAL & seed: 2986265485940795039
2022-05-01 04:02:39 [INFO] [Multiverse-Core] Loading World & Settings - 'flat1' - Env: NORMAL - Type: FLAT & seed: 4873681916340953901
2022-05-01 04:02:42 [INFO] [Multiverse-Core] 4 - World(s) loaded.
2022-05-01 13:57:44 [INFO] [Multiverse-Core] - Version 2.4-b527 (API v14) Enabled - By Rigby, fernferret, lithium3141 and main--
2022-05-01 13:57:45 [INFO] [Multiverse-Core] Loading World & Settings - 'world' - Env: NORMAL - Type: NORMAL & seed: 2986265485940795039
2022-05-01 13:57:45 [INFO] [Multiverse-Core] Loading World & Settings - 'world_nether' - Env: NETHER - Type: NORMAL & seed: 2986265485940795039
2022-05-01 13:57:45 [INFO] [Multiverse-Core] Loading World & Settings - 'world_the_end' - Env: THE_END - Type: NORMAL & seed: 2986265485940795039
2022-05-01 13:57:45 [INFO] [Multiverse-Core] Loading World & Settings - 'flat1' - Env: NORMAL - Type: FLAT & seed: 4873681916340953901
2022-05-01 13:57:49 [INFO] [Multiverse-Core] 4 - World(s) loaded.
2022-05-01 18:10:23 [INFO] [Multiverse-Core] - Version 2.4-b527 (API v14) Enabled - By Rigby, fernferret, lithium3141 and main--
2022-05-01 18:10:24 [INFO] [Multiverse-Core] Loading World & Settings - 'world' - Env: NORMAL - Type: NORMAL & seed: 2986265485940795039
2022-05-01 18:10:24 [INFO] [Multiverse-Core] Loading World & Settings - 'world_nether' - Env: NETHER - Type: NORMAL & seed: 2986265485940795039
2022-05-01 18:10:24 [INFO] [Multiverse-Core] Loading World & Settings - 'world_the_end' - Env: THE_END - Type: NORMAL & seed: 2986265485940795039
2022-05-01 18:10:24 [INFO] [Multiverse-Core] Loading World & Settings - 'flat1' - Env: NORMAL - Type: FLAT & seed: 4873681916340953901
2022-05-01 18:10:28 [INFO] [Multiverse-Core] 4 - World(s) loaded.
2022-05-02 09:50:58 [INFO] [Multiverse-Core] - Version 2.4-b527 (API v14) Enabled - By Rigby, fernferret, lithium3141 and main--
2022-05-02 09:50:59 [INFO] [Multiverse-Core] Loading World & Settings - 'world' - Env: NORMAL - Type: NORMAL & seed: 2986265485940795039
2022-05-02 09:50:59 [INFO] [Multiverse-Core] Loading World & Settings - 'world_nether' - Env: NETHER - Type: NORMAL & seed: 2986265485940795039
2022-05-02 09:50:59 [INFO] [Multiverse-Core] Loading World & Settings - 'world_the_end' - Env: THE_END - Type: NORMAL & seed: 2986265485940795039
2022-05-02 09:50:59 [INFO] [Multiverse-Core] Loading World & Settings - 'flat1' - Env: NORMAL - Type: FLAT & seed: 4873681916340953901
2022-05-02 09:51:04 [INFO] [Multiverse-Core] 4 - World(s) loaded.
2022-05-02 12:33:48 [INFO] [Multiverse-Core] - Version 2.4-b527 (API v14) Enabled - By Rigby, fernferret, lithium3141 and main--
2022-05-02 12:33:49 [INFO] [Multiverse-Core] Loading World & Settings - 'world' - Env: NORMAL - Type: NORMAL & seed: 2986265485940795039
2022-05-02 12:33:49 [INFO] [Multiverse-Core] Loading World & Settings - 'world_nether' - Env: NETHER - Type: NORMAL & seed: 2986265485940795039
2022-05-02 12:33:49 [INFO] [Multiverse-Core] Loading World & Settings - 'world_the_end' - Env: THE_END - Type: NORMAL & seed: 2986265485940795039
2022-05-02 12:33:50 [INFO] [Multiverse-Core] Loading World & Settings - 'flat1' - Env: NORMAL - Type: FLAT & seed: 4873681916340953901
2022-05-02 12:33:54 [INFO] [Multiverse-Core] 4 - World(s) loaded.
2022-05-03 08:22:25 [INFO] [Multiverse-Core] - Version 2.4-b527 (API v14) Enabled - By Rigby, fernferret, lithium3141 and main--
2022-05-03 08:22:26 [INFO] [Multiverse-Core] Loading World & Settings - 'world' - Env: NORMAL - Type: NORMAL & seed: 2986265485940795039
2022-05-03 08:22:26 [INFO] [Multiverse-Core] Loading World & Settings - 'world_nether' - Env: NETHER - Type: NORMAL & seed: 2986265485940795039
2022-05-03 08:22:26 [INFO] [Multiverse-Core] Loading World & Settings - 'world_the_end' - Env: THE_END - Type: NORMAL & seed: 2986265485940795039
2022-05-03 08:22:26 [INFO] [Multiverse-Core] Loading World & Settings - 'flat1' - Env: NORMAL - Type: FLAT & seed: 4873681916340953901
2022-05-03 12:24:56 [INFO] [Multiverse-Core] - Version 2.4-b527 (API v14) Enabled - By Rigby, fernferret, lithium3141 and main--
2022-05-03 12:24:57 [INFO] [Multiverse-Core] Loading World & Settings - 'world' - Env: NORMAL - Type: NORMAL & seed: 2986265485940795039
2022-05-03 12:24:58 [INFO] [Multiverse-Core] Loading World & Settings - 'world_nether' - Env: NETHER - Type: NORMAL & seed: 2986265485940795039
2022-05-03 12:24:58 [INFO] [Multiverse-Core] Loading World & Settings - 'world_the_end' - Env: THE_END - Type: NORMAL & seed: 2986265485940795039
2022-05-03 12:24:58 [INFO] [Multiverse-Core] Loading World & Settings - 'flat1' - Env: NORMAL - Type: FLAT & seed: 4873681916340953901
2022-05-03 23:33:12 [INFO] [Multiverse-Core] - Version 2.4-b527 (API v14) Enabled - By Rigby, fernferret, lithium3141 and main--
2022-05-03 23:33:13 [INFO] [Multiverse-Core] Loading World & Settings - 'world' - Env: NORMAL - Type: NORMAL & seed: 2986265485940795039
2022-05-03 23:33:13 [INFO] [Multiverse-Core] Loading World & Settings - 'world_nether' - Env: NETHER - Type: NORMAL & seed: 2986265485940795039
2022-05-03 23:33:13 [INFO] [Multiverse-Core] Loading World & Settings - 'world_the_end' - Env: THE_END - Type: NORMAL & seed: 2986265485940795039
2022-05-03 23:33:13 [INFO] [Multiverse-Core] Loading World & Settings - 'flat1' - Env: NORMAL - Type: FLAT & seed: 4873681916340953901
2022-05-06 22:39:42 [INFO] [Multiverse-Core] - Version 2.4-b527 (API v14) Enabled - By Rigby, fernferret, lithium3141 and main--
2022-05-06 22:39:43 [INFO] [Multiverse-Core] Loading World & Settings - 'world' - Env: NORMAL - Type: NORMAL & seed: 2986265485940795039
2022-05-06 22:39:43 [INFO] [Multiverse-Core] Loading World & Settings - 'world_nether' - Env: NETHER - Type: NORMAL & seed: 2986265485940795039
2022-05-06 22:39:43 [INFO] [Multiverse-Core] Loading World & Settings - 'world_the_end' - Env: THE_END - Type: NORMAL & seed: 2986265485940795039
2022-05-06 22:39:43 [INFO] [Multiverse-Core] Loading World & Settings - 'flat1' - Env: NORMAL - Type: FLAT & seed: 4873681916340953901
2022-05-06 22:39:48 [INFO] [Multiverse-Core] 4 - World(s) loaded.
2022-08-09 20:07:47 [INFO] [Multiverse-Core] - Version 2.4-b527 (API v14) Enabled - By Rigby, fernferret, lithium3141 and main--
2022-08-09 20:07:47 [INFO] [Multiverse-Core] Loading World & Settings - 'world' - Env: NORMAL - Type: NORMAL & seed: 2986265485940795039
2022-08-09 20:07:48 [INFO] [Multiverse-Core] Loading World & Settings - 'world_nether' - Env: NETHER - Type: NORMAL & seed: 2986265485940795039
2022-08-09 20:07:48 [INFO] [Multiverse-Core] Loading World & Settings - 'world_the_end' - Env: THE_END - Type: NORMAL & seed: 2986265485940795039
2022-08-09 20:07:48 [INFO] [Multiverse-Core] Loading World & Settings - 'flat1' - Env: NORMAL - Type: FLAT & seed: 4873681916340953901
2022-08-09 20:07:52 [INFO] [Multiverse-Core] 4 - World(s) loaded.
2022-08-17 14:33:20 [INFO] [Multiverse-Core] - Version 2.4-b527 (API v14) Enabled - By Rigby, fernferret, lithium3141 and main--
2022-08-17 14:33:20 [INFO] [Multiverse-Core] Loading World & Settings - 'world' - Env: NORMAL - Type: NORMAL & seed: 2986265485940795039
2022-08-17 14:33:20 [INFO] [Multiverse-Core] Loading World & Settings - 'world_nether' - Env: NETHER - Type: NORMAL & seed: 2986265485940795039
2022-08-17 14:33:21 [INFO] [Multiverse-Core] Loading World & Settings - 'world_the_end' - Env: THE_END - Type: NORMAL & seed: 2986265485940795039
2022-08-17 14:33:21 [INFO] [Multiverse-Core] Loading World & Settings - 'flat1' - Env: NORMAL - Type: FLAT & seed: 4873681916340953901
2022-08-17 14:33:25 [INFO] [Multiverse-Core] 4 - World(s) loaded.
2022-08-17 14:38:37 [INFO] [Multiverse-Core] - Version 2.4-b527 (API v14) Enabled - By Rigby, fernferret, lithium3141 and main--
2022-08-17 14:38:37 [INFO] [Multiverse-Core] Loading World & Settings - 'world' - Env: NORMAL - Type: NORMAL & seed: 2986265485940795039
2022-08-17 14:38:38 [INFO] [Multiverse-Core] Loading World & Settings - 'world_nether' - Env: NETHER - Type: NORMAL & seed: 2986265485940795039
2022-08-17 14:38:38 [INFO] [Multiverse-Core] Loading World & Settings - 'world_the_end' - Env: THE_END - Type: NORMAL & seed: 2986265485940795039
2022-08-17 14:38:38 [INFO] [Multiverse-Core] Loading World & Settings - 'flat1' - Env: NORMAL - Type: FLAT & seed: 4873681916340953901
2022-08-17 14:39:09 [INFO] [Multiverse-Core] - Version 2.4-b527 (API v14) Enabled - By Rigby, fernferret, lithium3141 and main--
2022-08-17 14:39:10 [INFO] [Multiverse-Core] Loading World & Settings - 'world' - Env: NORMAL - Type: NORMAL & seed: 2986265485940795039
2022-08-17 14:39:10 [INFO] [Multiverse-Core] Loading World & Settings - 'world_nether' - Env: NETHER - Type: NORMAL & seed: 2986265485940795039
2022-08-17 14:39:10 [INFO] [Multiverse-Core] Loading World & Settings - 'world_the_end' - Env: THE_END - Type: NORMAL & seed: 2986265485940795039
2022-08-17 14:39:10 [INFO] [Multiverse-Core] Loading World & Settings - 'flat1' - Env: NORMAL - Type: FLAT & seed: 4873681916340953901
2022-08-17 14:39:14 [INFO] [Multiverse-Core] 4 - World(s) loaded.
2022-08-31 20:35:58 [INFO] [Multiverse-Core] - Version 2.4-b527 (API v14) Enabled - By Rigby, fernferret, lithium3141 and main--
2022-08-31 20:35:59 [INFO] [Multiverse-Core] Loading World & Settings - 'world' - Env: NORMAL - Type: NORMAL & seed: 2986265485940795039
2022-08-31 20:35:59 [INFO] [Multiverse-Core] Loading World & Settings - 'world_nether' - Env: NETHER - Type: NORMAL & seed: 2986265485940795039
2022-08-31 20:35:59 [INFO] [Multiverse-Core] Loading World & Settings - 'world_the_end' - Env: THE_END - Type: NORMAL & seed: 2986265485940795039
2022-08-31 20:35:59 [INFO] [Multiverse-Core] Loading World & Settings - 'flat1' - Env: NORMAL - Type: FLAT & seed: 4873681916340953901
2022-08-31 20:36:03 [INFO] [Multiverse-Core] 4 - World(s) loaded.
2022-09-02 05:15:45 [INFO] [Multiverse-Core] - Version 2.4-b527 (API v14) Enabled - By Rigby, fernferret, lithium3141 and main--
2022-09-02 05:15:46 [INFO] [Multiverse-Core] Loading World & Settings - 'world' - Env: NORMAL - Type: NORMAL & seed: 2986265485940795039
2022-09-02 05:15:47 [INFO] [Multiverse-Core] Loading World & Settings - 'world_nether' - Env: NETHER - Type: NORMAL & seed: 2986265485940795039
2022-09-02 05:15:47 [INFO] [Multiverse-Core] Loading World & Settings - 'world_the_end' - Env: THE_END - Type: NORMAL & seed: 2986265485940795039
2022-09-02 05:15:47 [INFO] [Multiverse-Core] Loading World & Settings - 'flat1' - Env: NORMAL - Type: FLAT & seed: 4873681916340953901
2022-09-02 05:15:59 [INFO] [Multiverse-Core] 4 - World(s) loaded.
2022-09-02 05:17:16 [INFO] [Multiverse-Core] - Version 2.4-b527 (API v14) Enabled - By Rigby, fernferret, lithium3141 and main--
2022-09-02 05:17:17 [INFO] [Multiverse-Core] Loading World & Settings - 'world' - Env: NORMAL - Type: NORMAL & seed: 2986265485940795039
2022-09-02 05:17:17 [INFO] [Multiverse-Core] Loading World & Settings - 'world_nether' - Env: NETHER - Type: NORMAL & seed: 2986265485940795039
2022-09-02 05:17:18 [INFO] [Multiverse-Core] Loading World & Settings - 'world_the_end' - Env: THE_END - Type: NORMAL & seed: 2986265485940795039
2022-09-02 05:17:18 [INFO] [Multiverse-Core] Loading World & Settings - 'flat1' - Env: NORMAL - Type: FLAT & seed: 4873681916340953901
2022-09-02 05:17:23 [INFO] [Multiverse-Core] 4 - World(s) loaded.
